{"/Users/jonatan/repos/reky-material/courses/edument/advanced-react/advance-react-demo/src/CatFacts.tsx": {"path":"/Users/jonatan/repos/reky-material/courses/edument/advanced-react/advance-react-demo/src/CatFacts.tsx","statementMap":{"0":{"start":{"line":1,"column":0},"end":{"line":1,"column":44}},"1":{"start":{"line":2,"column":0},"end":{"line":2,"column":48}},"2":{"start":{"line":4,"column":24},"end":{"line":22,"column":5}},"3":{"start":{"line":6,"column":30},"end":{"line":6,"column":52}},"4":{"start":{"line":8,"column":4},"end":{"line":12,"column":7}},"5":{"start":{"line":9,"column":8},"end":{"line":11,"column":10}},"6":{"start":{"line":10,"column":21},"end":{"line":10,"column":36}},"7":{"start":{"line":14,"column":0},"end":{"line":21,"column":2}},"8":{"start":{"line":18,"column":31},"end":{"line":18,"column":47}},"9":{"start":{"line":4,"column":13},"end":{"line":4,"column":24}}},"fnMap":{"0":{"name":"(anonymous_0)","decl":{"start":{"line":4,"column":24},"end":{"line":4,"column":27}},"loc":{"start":{"line":4,"column":29},"end":{"line":22,"column":5}}},"1":{"name":"(anonymous_1)","decl":{"start":{"line":8,"column":14},"end":{"line":8,"column":17}},"loc":{"start":{"line":8,"column":19},"end":{"line":12,"column":1}}},"2":{"name":"(anonymous_2)","decl":{"start":{"line":10,"column":12},"end":{"line":10,"column":17}},"loc":{"start":{"line":10,"column":21},"end":{"line":10,"column":36}}},"3":{"name":"(anonymous_3)","decl":{"start":{"line":18,"column":23},"end":{"line":18,"column":27}},"loc":{"start":{"line":18,"column":31},"end":{"line":18,"column":47}}}},"branchMap":{},"s":{"0":1,"1":1,"2":1,"3":6,"4":5,"5":1,"6":1,"7":5,"8":0,"9":1},"f":{"0":6,"1":1,"2":1,"3":0},"b":{}}
,"/Users/jonatan/repos/reky-material/courses/edument/advanced-react/advance-react-demo/src/UseEffectSorting.tsx": {"path":"/Users/jonatan/repos/reky-material/courses/edument/advanced-react/advance-react-demo/src/UseEffectSorting.tsx","statementMap":{"0":{"start":{"line":1,"column":0},"end":{"line":1,"column":44}},"1":{"start":{"line":2,"column":0},"end":{"line":2,"column":48}},"2":{"start":{"line":4,"column":32},"end":{"line":23,"column":1}},"3":{"start":{"line":6,"column":30},"end":{"line":6,"column":42}},"4":{"start":{"line":8,"column":4},"end":{"line":16,"column":11}},"5":{"start":{"line":10,"column":25},"end":{"line":13,"column":9}},"6":{"start":{"line":11,"column":29},"end":{"line":11,"column":48}},"7":{"start":{"line":12,"column":12},"end":{"line":12,"column":30}},"8":{"start":{"line":14,"column":8},"end":{"line":14,"column":19}},"9":{"start":{"line":18,"column":4},"end":{"line":22,"column":null}},"10":{"start":{"line":20,"column":30},"end":{"line":20,"column":49}},"11":{"start":{"line":4,"column":13},"end":{"line":4,"column":32}}},"fnMap":{"0":{"name":"(anonymous_0)","decl":{"start":{"line":4,"column":32},"end":{"line":4,"column":35}},"loc":{"start":{"line":4,"column":37},"end":{"line":23,"column":1}}},"1":{"name":"(anonymous_1)","decl":{"start":{"line":8,"column":14},"end":{"line":8,"column":17}},"loc":{"start":{"line":8,"column":19},"end":{"line":16,"column":5}}},"2":{"name":"(anonymous_2)","decl":{"start":{"line":10,"column":25},"end":{"line":10,"column":30}},"loc":{"start":{"line":10,"column":36},"end":{"line":13,"column":9}}},"3":{"name":"(anonymous_3)","decl":{"start":{"line":20,"column":22},"end":{"line":20,"column":26}},"loc":{"start":{"line":20,"column":30},"end":{"line":20,"column":49}}}},"branchMap":{},"s":{"0":1,"1":1,"2":1,"3":2,"4":2,"5":1,"6":1,"7":1,"8":1,"9":2,"10":3,"11":1},"f":{"0":2,"1":1,"2":1,"3":3},"b":{}}
,"/Users/jonatan/repos/reky-material/courses/edument/advanced-react/advance-react-demo/src/api/getCatFacts.ts": {"path":"/Users/jonatan/repos/reky-material/courses/edument/advanced-react/advance-react-demo/src/api/getCatFacts.ts","statementMap":{"0":{"start":{"line":1,"column":27},"end":{"line":24,"column":1}},"1":{"start":{"line":2,"column":4},"end":{"line":17,"column":null}},"2":{"start":{"line":19,"column":21},"end":{"line":19,"column":63}},"3":{"start":{"line":20,"column":17},"end":{"line":20,"column":38}},"4":{"start":{"line":21,"column":4},"end":{"line":21,"column":46}},"5":{"start":{"line":21,"column":35},"end":{"line":21,"column":44}},"6":{"start":{"line":1,"column":13},"end":{"line":1,"column":27}}},"fnMap":{"0":{"name":"(anonymous_0)","decl":{"start":{"line":1,"column":27},"end":{"line":1,"column":32}},"loc":{"start":{"line":1,"column":38},"end":{"line":24,"column":1}}},"1":{"name":"(anonymous_1)","decl":{"start":{"line":21,"column":25},"end":{"line":21,"column":26}},"loc":{"start":{"line":21,"column":35},"end":{"line":21,"column":44}}}},"branchMap":{},"s":{"0":1,"1":1,"2":0,"3":0,"4":0,"5":0,"6":1},"f":{"0":1,"1":0},"b":{}}
,"/Users/jonatan/repos/reky-material/courses/edument/advanced-react/advance-react-demo/src/api/getProducts.ts": {"path":"/Users/jonatan/repos/reky-material/courses/edument/advanced-react/advance-react-demo/src/api/getProducts.ts","statementMap":{"0":{"start":{"line":3,"column":27},"end":{"line":6,"column":1}},"1":{"start":{"line":4,"column":16},"end":{"line":4,"column":64}},"2":{"start":{"line":5,"column":4},"end":{"line":5,"column":43}},"3":{"start":{"line":3,"column":13},"end":{"line":3,"column":27}}},"fnMap":{"0":{"name":"(anonymous_0)","decl":{"start":{"line":3,"column":27},"end":{"line":3,"column":32}},"loc":{"start":{"line":3,"column":38},"end":{"line":6,"column":1}}}},"branchMap":{},"s":{"0":1,"1":0,"2":0,"3":1},"f":{"0":0},"b":{}}
}
